<?xml version="1.0" encoding="UTF-8"?>
<testsuite name="SeleniumTest" tests="1" skipped="0" failures="0" errors="0" timestamp="2021-06-10T04:51:30" hostname="00-PC" time="4.814">
  <properties/>
  <testcase name="Brazil Independence Doodle 2020" classname="SeleniumTest" time="4.814"/>
  <system-out><![CDATA[]]></system-out>
  <system-err><![CDATA[Starting ChromeDriver 90.0.4430.24 (4c6d850f087da467d926e8eddb76550aed655991-refs/branch-heads/4430@{#429}) on port 4854
Only local connections are allowed.
Please see https://chromedriver.chromium.org/security-considerations for suggestions on keeping ChromeDriver safe.
ChromeDriver was started successfully.
jun 10, 2021 1:51:30 AM org.openqa.selenium.remote.ProtocolHandshake createSession
INFO: Detected dialect: W3C
]]></system-err>
</testsuite>
